Base path: '/Applications/Unity/Hub/Editor/2019.4.2f1/Unity.app/Contents', plugins path '/Applications/Unity/Hub/Editor/2019.4.2f1/PlaybackEngines'
Cmd: initializeCompiler
Cmd: compileComputeKernel
  api=14 insize=12919 outsize=3227 ok=1
Cmd: compileComputeKernel
  api=14 insize=12919 outsize=3648 ok=1
Cmd: compileComputeKernel
  api=14 insize=12919 outsize=3203 ok=1
Cmd: compileComputeKernel
  api=14 insize=12919 outsize=3842 ok=1
Cmd: compileComputeKernel
  api=14 insize=12919 outsize=3209 ok=1
Cmd: translateComputeKernel
  api=14 insize=3516 outsize=4140 ok=1
Cmd: translateComputeKernel
  api=14 insize=3049 outsize=3276 ok=1
Cmd: translateComputeKernel
  api=14 insize=3773 outsize=4537 ok=1
Cmd: translateComputeKernel
  api=14 insize=3470 outsize=4130 ok=1
Cmd: translateComputeKernel
  api=14 insize=4138 outsize=5715 ok=1
Cmd: compileComputeKernel
  api=14 insize=11985 outsize=2853 ok=1
Cmd: compileComputeKernel
  api=14 insize=11985 outsize=2853 ok=1
Cmd: compileComputeKernel
  api=14 insize=11985 outsize=3293 ok=1
Cmd: compileComputeKernel
  api=14 insize=11985 outsize=3008 ok=1
Cmd: compileComputeKernel
  api=14 insize=11985 outsize=2890 ok=1
Cmd: compileComputeKernel
  api=14 insize=11985 outsize=2887 ok=1
Cmd: compileComputeKernel
  api=14 insize=11985 outsize=2999 ok=1
Cmd: compileComputeKernel
  api=14 insize=11985 outsize=3004 ok=1
Cmd: translateComputeKernel
  api=14 insize=2923 outsize=3717 ok=1
Cmd: translateComputeKernel
  api=14 insize=2923 outsize=3717 ok=1
Cmd: translateComputeKernel
  api=14 insize=3363 outsize=4500 ok=1
Cmd: translateComputeKernel
  api=14 insize=3008 outsize=3864 ok=1
Cmd: translateComputeKernel
  api=14 insize=2960 outsize=3769 ok=1
Cmd: translateComputeKernel
  api=14 insize=2957 outsize=3766 ok=1
Cmd: translateComputeKernel
  api=14 insize=3069 outsize=3955 ok=1
Cmd: translateComputeKernel
  api=14 insize=3074 outsize=3976 ok=1
Cmd: compileComputeKernel
  api=14 insize=17013 outsize=3785 ok=1
Cmd: compileComputeKernel
  api=14 insize=17013 outsize=4795 ok=1
Cmd: compileComputeKernel
  api=14 insize=17013 outsize=4788 ok=1
Cmd: compileComputeKernel
  api=14 insize=17013 outsize=7193 ok=1
Cmd: translateComputeKernel
  api=14 insize=3971 outsize=5589 ok=1
Cmd: translateComputeKernel
  api=14 insize=4993 outsize=8123 ok=1
Cmd: translateComputeKernel
  api=14 insize=4933 outsize=7975 ok=1
Cmd: translateComputeKernel
  api=14 insize=7287 outsize=12349 ok=1
Cmd: compileComputeKernel
  api=14 insize=74735 outsize=5242 ok=1
Cmd: compileComputeKernel
  api=14 insize=74735 outsize=5115 ok=1
Cmd: compileComputeKernel
  api=14 insize=74735 outsize=5415 ok=1
Cmd: compileComputeKernel
  api=14 insize=74735 outsize=3711 ok=1
Cmd: compileComputeKernel
  api=14 insize=74735 outsize=4611 ok=1
Cmd: compileComputeKernel
  api=14 insize=74735 outsize=3766 ok=1
Cmd: compileComputeKernel
  api=14 insize=74735 outsize=4614 ok=1
Cmd: compileComputeKernel
  api=14 insize=74735 outsize=3593 ok=1
Cmd: compileComputeKernel
  api=14 insize=74735 outsize=4213 ok=1
Cmd: compileComputeKernel
  api=14 insize=74735 outsize=3467 ok=1
Cmd: compileComputeKernel
  api=14 insize=74735 outsize=3627 ok=1
Cmd: compileComputeKernel
  api=14 insize=74735 outsize=3933 ok=1
Cmd: compileComputeKernel
  api=14 insize=74735 outsize=3742 ok=1
Cmd: compileComputeKernel
  api=14 insize=74735 outsize=3456 ok=1
Cmd: compileComputeKernel
  api=14 insize=74735 outsize=3416 ok=1
Cmd: compileComputeKernel
  api=14 insize=74735 outsize=3442 ok=1
Cmd: compileComputeKernel
  api=14 insize=74735 outsize=3763 ok=1
Cmd: compileComputeKernel
  api=14 insize=74735 outsize=3652 ok=1
Cmd: compileComputeKernel
  api=14 insize=74735 outsize=3453 ok=1
Cmd: compileComputeKernel
  api=14 insize=74735 outsize=3491 ok=1
Cmd: compileComputeKernel
  api=14 insize=74735 outsize=3679 ok=1
Cmd: compileComputeKernel
  api=14 insize=74735 outsize=3443 ok=1
Cmd: compileComputeKernel
  api=14 insize=74735 outsize=3909 ok=1
Cmd: compileComputeKernel
  api=14 insize=74735 outsize=3529 ok=1
Cmd: compileComputeKernel
  api=14 insize=74735 outsize=3529 ok=1
Cmd: compileComputeKernel
  api=14 insize=74735 outsize=3533 ok=1
Cmd: compileComputeKernel
  api=14 insize=74735 outsize=3512 ok=1
Cmd: compileComputeKernel
  api=14 insize=74735 outsize=3516 ok=1
Cmd: compileComputeKernel
  api=14 insize=74735 outsize=3519 ok=1
Cmd: compileComputeKernel
  api=14 insize=74735 outsize=4051 ok=1
Cmd: compileComputeKernel
  api=14 insize=74735 outsize=4051 ok=1
Cmd: compileComputeKernel
  api=14 insize=74735 outsize=4491 ok=1
Cmd: compileComputeKernel
  api=14 insize=74735 outsize=4051 ok=1
Cmd: compileComputeKernel
  api=14 insize=74735 outsize=4206 ok=1
Cmd: compileComputeKernel
  api=14 insize=74735 outsize=4088 ok=1
Cmd: compileComputeKernel
  api=14 insize=74735 outsize=4085 ok=1
Cmd: compileComputeKernel
  api=14 insize=74735 outsize=4229 ok=1
Cmd: compileComputeKernel
  api=14 insize=74735 outsize=4230 ok=1
Cmd: compileComputeKernel
  api=14 insize=74735 outsize=3473 ok=1
Cmd: compileComputeKernel
  api=14 insize=74735 outsize=3526 ok=1
Cmd: compileComputeKernel
  api=14 insize=74735 outsize=4142 ok=1
Cmd: compileComputeKernel
  api=14 insize=74735 outsize=5500 ok=1
Cmd: compileComputeKernel
  api=14 insize=74735 outsize=3581 ok=1
Cmd: compileComputeKernel
  api=14 insize=74735 outsize=3994 ok=1
Cmd: compileComputeKernel
  api=14 insize=74735 outsize=4749 ok=1
Cmd: compileComputeKernel
  api=14 insize=74735 outsize=4398 ok=1
Cmd: compileComputeKernel
  api=14 insize=74735 outsize=4615 ok=1
Cmd: translateComputeKernel
  api=14 insize=5725 outsize=7691 ok=1
Cmd: translateComputeKernel
  api=14 insize=5598 outsize=7129 ok=1
Cmd: translateComputeKernel
  api=14 insize=5898 outsize=8249 ok=1
Cmd: translateComputeKernel
  api=14 insize=4363 outsize=4525 ok=1
Cmd: translateComputeKernel
  api=14 insize=5263 outsize=6053 ok=1
Cmd: translateComputeKernel
  api=14 insize=4447 outsize=4584 ok=1
Cmd: translateComputeKernel
  api=14 insize=5295 outsize=6142 ok=1
Cmd: translateComputeKernel
  api=14 insize=4273 outsize=4229 ok=1
Cmd: translateComputeKernel
  api=14 insize=4245 outsize=4250 ok=1
Cmd: translateComputeKernel
  api=14 insize=4443 outsize=4545 ok=1
Cmd: translateComputeKernel
  api=14 insize=4770 outsize=5611 ok=1
Cmd: translateComputeKernel
  api=14 insize=4754 outsize=5471 ok=1
Cmd: translateComputeKernel
  api=14 insize=4148 outsize=4156 ok=1
Cmd: translateComputeKernel
  api=14 insize=4308 outsize=4467 ok=1
Cmd: translateComputeKernel
  api=14 insize=4460 outsize=4810 ok=1
Cmd: translateComputeKernel
  api=14 insize=6191 outsize=8033 ok=1
Cmd: translateComputeKernel
  api=14 insize=4364 outsize=4337 ok=1
Cmd: translateComputeKernel
  api=14 insize=4137 outsize=3963 ok=1
Cmd: translateComputeKernel
  api=14 insize=4100 outsize=3919 ok=1
Cmd: translateComputeKernel
  api=14 insize=4100 outsize=3917 ok=1
Cmd: translateComputeKernel
  api=14 insize=4097 outsize=3921 ok=1
Cmd: translateComputeKernel
  api=14 insize=4098 outsize=3923 ok=1
Cmd: translateComputeKernel
  api=14 insize=4123 outsize=3934 ok=1
Cmd: translateComputeKernel
  api=14 insize=4444 outsize=4509 ok=1
Cmd: translateComputeKernel
  api=14 insize=4495 outsize=4578 ok=1
Cmd: translateComputeKernel
  api=14 insize=4196 outsize=4038 ok=1
Cmd: translateComputeKernel
  api=14 insize=4134 outsize=3963 ok=1
Cmd: translateComputeKernel
  api=14 insize=4142 outsize=3997 ok=1
Cmd: translateComputeKernel
  api=14 insize=4707 outsize=5180 ok=1
Cmd: translateComputeKernel
  api=14 insize=4124 outsize=3960 ok=1
Cmd: translateComputeKernel
  api=14 insize=4097 outsize=3921 ok=1
Cmd: translateComputeKernel
  api=14 insize=4409 outsize=4428 ok=1
Cmd: translateComputeKernel
  api=14 insize=4441 outsize=4471 ok=1
Cmd: translateComputeKernel
  api=14 insize=4214 outsize=4088 ok=1
Cmd: translateComputeKernel
  api=14 insize=4193 outsize=4093 ok=1
Cmd: translateComputeKernel
  api=14 insize=4197 outsize=4096 ok=1
Cmd: translateComputeKernel
  api=14 insize=4141 outsize=3983 ok=1
Cmd: translateComputeKernel
  api=14 insize=4698 outsize=5289 ok=1
Cmd: translateComputeKernel
  api=14 insize=4698 outsize=5289 ok=1
Cmd: translateComputeKernel
  api=14 insize=4698 outsize=5293 ok=1
Cmd: translateComputeKernel
  api=14 insize=4698 outsize=5293 ok=1
Cmd: translateComputeKernel
  api=14 insize=4735 outsize=5341 ok=1
Cmd: translateComputeKernel
  api=14 insize=4732 outsize=5338 ok=1
Cmd: translateComputeKernel
  api=14 insize=4876 outsize=5583 ok=1
Cmd: translateComputeKernel
  api=14 insize=4877 outsize=5584 ok=1
Cmd: translateComputeKernel
  api=14 insize=4114 outsize=3997 ok=1
Cmd: translateComputeKernel
  api=14 insize=4159 outsize=4131 ok=1
Cmd: translateComputeKernel
  api=14 insize=5650 outsize=7148 ok=1
Cmd: translateComputeKernel
  api=14 insize=4234 outsize=4115 ok=1
Cmd: translateComputeKernel
  api=14 insize=4565 outsize=4708 ok=1
Cmd: translateComputeKernel
  api=14 insize=4181 outsize=4023 ok=1
Cmd: translateComputeKernel
  api=14 insize=3736 outsize=3170 ok=1
Cmd: translateComputeKernel
  api=14 insize=5086 outsize=6112 ok=1
Cmd: translateComputeKernel
  api=14 insize=5284 outsize=6091 ok=1
Cmd: compileComputeKernel
  api=14 insize=73293 outsize=9640 ok=1
Cmd: translateComputeKernel
  api=14 insize=14069 outsize=27084 ok=1
Cmd: translateComputeKernel
  api=14 insize=5039 outsize=8066 ok=1
Cmd: translateComputeKernel
  api=14 insize=2458 outsize=2710 ok=1
Cmd: compileComputeKernel
  api=14 insize=57129 outsize=2149 ok=1
Cmd: compileComputeKernel
  api=14 insize=57129 outsize=2244 ok=1
Cmd: compileComputeKernel
  api=14 insize=57129 outsize=2147 ok=1
Cmd: compileComputeKernel
  api=14 insize=57129 outsize=1156 ok=1
Cmd: compileComputeKernel
  api=14 insize=57129 outsize=2249 ok=1
Cmd: compileComputeKernel
  api=14 insize=57129 outsize=2409 ok=1
Cmd: compileComputeKernel
  api=14 insize=57129 outsize=1622 ok=1
Cmd: compileComputeKernel
  api=14 insize=57129 outsize=2326 ok=1
Cmd: compileComputeKernel
  api=14 insize=57129 outsize=2327 ok=1
Cmd: compileComputeKernel
  api=14 insize=57129 outsize=2277 ok=1
Cmd: compileComputeKernel
  api=14 insize=57129 outsize=2268 ok=1
Cmd: compileComputeKernel
  api=14 insize=57129 outsize=2146 ok=1
Cmd: compileComputeKernel
  api=14 insize=57129 outsize=2303 ok=1
Cmd: compileComputeKernel
  api=14 insize=57129 outsize=2309 ok=1
Cmd: compileComputeKernel
  api=14 insize=57129 outsize=2553 ok=1
Cmd: compileComputeKernel
  api=14 insize=57129 outsize=2354 ok=1
Cmd: compileComputeKernel
  api=14 insize=57129 outsize=1838 ok=1
Cmd: compileComputeKernel
  api=14 insize=57129 outsize=2238 ok=1
Cmd: compileComputeKernel
  api=14 insize=57129 outsize=2358 ok=1
Cmd: compileComputeKernel
  api=14 insize=57129 outsize=2244 ok=1
Cmd: compileComputeKernel
  api=14 insize=57129 outsize=1157 ok=1
Cmd: compileComputeKernel
  api=14 insize=57129 outsize=2353 ok=1
Cmd: compileComputeKernel
  api=14 insize=57129 outsize=2607 ok=1
Cmd: compileComputeKernel
  api=14 insize=57129 outsize=2764 ok=1
Cmd: compileComputeKernel
  api=14 insize=57129 outsize=2793 ok=1
Cmd: compileComputeKernel
  api=14 insize=57129 outsize=2709 ok=1
Cmd: compileComputeKernel
  api=14 insize=57129 outsize=2996 ok=1
Cmd: compileComputeKernel
  api=14 insize=57129 outsize=2969 ok=1
Cmd: compileComputeKernel
  api=14 insize=57129 outsize=2818 ok=1
Cmd: compileComputeKernel
  api=14 insize=57129 outsize=2772 ok=1
Cmd: compileComputeKernel
  api=14 insize=57129 outsize=2914 ok=1
Cmd: compileComputeKernel
  api=14 insize=57129 outsize=2808 ok=1
Cmd: compileComputeKernel
  api=14 insize=57129 outsize=2783 ok=1
Cmd: compileComputeKernel
  api=14 insize=57129 outsize=2783 ok=1
Cmd: compileComputeKernel
  api=14 insize=57129 outsize=2733 ok=1
Cmd: compileComputeKernel
  api=14 insize=57129 outsize=2818 ok=1
Cmd: compileComputeKernel
  api=14 insize=57129 outsize=3090 ok=1
Cmd: compileComputeKernel
  api=14 insize=57129 outsize=2836 ok=1
Cmd: compileComputeKernel
  api=14 insize=57129 outsize=3068 ok=1
Cmd: compileComputeKernel
  api=14 insize=57129 outsize=2869 ok=1
Cmd: compileComputeKernel
  api=14 insize=57129 outsize=3100 ok=1
Cmd: compileComputeKernel
  api=14 insize=57129 outsize=2806 ok=1
Cmd: compileComputeKernel
  api=14 insize=57129 outsize=3237 ok=1
Cmd: compileComputeKernel
  api=14 insize=57129 outsize=2873 ok=1
Cmd: compileComputeKernel
  api=14 insize=57129 outsize=2736 ok=1
Cmd: compileComputeKernel
  api=14 insize=57129 outsize=2852 ok=1
Cmd: compileComputeKernel
  api=14 insize=57129 outsize=2759 ok=1
Cmd: compileComputeKernel
  api=14 insize=57129 outsize=2833 ok=1
Cmd: compileComputeKernel
  api=14 insize=57129 outsize=2791 ok=1
Cmd: translateComputeKernel
  api=14 insize=2404 outsize=2355 ok=1
Cmd: translateComputeKernel
  api=14 insize=1403 outsize=1441 ok=1
Cmd: translateComputeKernel
  api=14 insize=1404 outsize=1444 ok=1
Cmd: translateComputeKernel
  api=14 insize=1409 outsize=1475 ok=1
Cmd: translateComputeKernel
  api=14 insize=1419 outsize=1449 ok=1
Cmd: translateComputeKernel
  api=14 insize=2438 outsize=2399 ok=1
Cmd: translateComputeKernel
  api=14 insize=2577 outsize=2559 ok=1
Cmd: translateComputeKernel
  api=14 insize=2426 outsize=2365 ok=1
Cmd: translateComputeKernel
  api=14 insize=2420 outsize=2358 ok=1
Cmd: translateComputeKernel
  api=14 insize=2480 outsize=2481 ok=1
Cmd: translateComputeKernel
  api=14 insize=2552 outsize=2595 ok=1
Cmd: translateComputeKernel
  api=14 insize=1458 outsize=1512 ok=1
Cmd: translateComputeKernel
  api=14 insize=2428 outsize=2397 ok=1
Cmd: translateComputeKernel
  api=14 insize=2396 outsize=2319 ok=1
Cmd: translateComputeKernel
  api=14 insize=1481 outsize=1562 ok=1
Cmd: translateComputeKernel
  api=14 insize=2385 outsize=2304 ok=1
Cmd: translateComputeKernel
  api=14 insize=2713 outsize=2864 ok=1
Cmd: translateComputeKernel
  api=14 insize=2514 outsize=2535 ok=1
Cmd: translateComputeKernel
  api=14 insize=2454 outsize=2407 ok=1
Cmd: translateComputeKernel
  api=14 insize=2491 outsize=2894 ok=1
Cmd: translateComputeKernel
  api=14 insize=2344 outsize=2244 ok=1
Cmd: translateComputeKernel
  api=14 insize=1619 outsize=1720 ok=1
Cmd: translateComputeKernel
  api=14 insize=2513 outsize=2525 ok=1
Cmd: translateComputeKernel
  api=14 insize=2436 outsize=2462 ok=1
Cmd: translateComputeKernel
  api=14 insize=2925 outsize=3372 ok=1
Cmd: translateComputeKernel
  api=14 insize=2954 outsize=3410 ok=1
Cmd: translateComputeKernel
  api=14 insize=2837 outsize=3131 ok=1
Cmd: translateComputeKernel
  api=14 insize=3121 outsize=3659 ok=1
Cmd: translateComputeKernel
  api=14 insize=3058 outsize=3747 ok=1
Cmd: translateComputeKernel
  api=14 insize=3090 outsize=3797 ok=1
Cmd: translateComputeKernel
  api=14 insize=2939 outsize=3603 ok=1
Cmd: translateComputeKernel
  api=14 insize=2973 outsize=3622 ok=1
Cmd: translateComputeKernel
  api=14 insize=3045 outsize=3728 ok=1
Cmd: translateComputeKernel
  api=14 insize=2939 outsize=3582 ok=1
Cmd: translateComputeKernel
  api=14 insize=2881 outsize=3519 ok=1
Cmd: translateComputeKernel
  api=14 insize=2881 outsize=3520 ok=1
Cmd: translateComputeKernel
  api=14 insize=2854 outsize=3484 ok=1
Cmd: translateComputeKernel
  api=14 insize=2949 outsize=3583 ok=1
Cmd: translateComputeKernel
  api=14 insize=3251 outsize=3962 ok=1
Cmd: translateComputeKernel
  api=14 insize=2961 outsize=3430 ok=1
Cmd: translateComputeKernel
  api=14 insize=3229 outsize=3875 ok=1
Cmd: translateComputeKernel
  api=14 insize=3030 outsize=3546 ok=1
Cmd: translateComputeKernel
  api=14 insize=3261 outsize=3918 ok=1
Cmd: translateComputeKernel
  api=14 insize=3030 outsize=3545 ok=1
Cmd: translateComputeKernel
  api=14 insize=3461 outsize=4187 ok=1
Cmd: translateComputeKernel
  api=14 insize=3011 outsize=3661 ok=1
Cmd: translateComputeKernel
  api=14 insize=2920 outsize=3366 ok=1
Cmd: translateComputeKernel
  api=14 insize=3013 outsize=3540 ok=1
Cmd: translateComputeKernel
  api=14 insize=2950 outsize=3630 ok=1
Cmd: translateComputeKernel
  api=14 insize=2857 outsize=3482 ok=1
Cmd: translateComputeKernel
  api=14 insize=2954 outsize=3633 ok=1
Cmd: translateComputeKernel
  api=14 insize=2889 outsize=3562 ok=1
Cmd: compileComputeKernel
  api=14 insize=79371 outsize=9108 ok=1
Cmd: compileComputeKernel
  api=14 insize=79371 outsize=16236 ok=1
Cmd: compileComputeKernel
  api=14 insize=79371 outsize=23601 ok=1
Cmd: compileComputeKernel
  api=14 insize=79371 outsize=35613 ok=1
Cmd: compileComputeKernel
  api=14 insize=79371 outsize=36354 ok=1
Cmd: translateComputeKernel
  api=14 insize=4257 outsize=6661 ok=1
Cmd: translateComputeKernel
  api=14 insize=13863 outsize=26418 ok=1
Cmd: translateComputeKernel
  api=14 insize=12303 outsize=24281 ok=1
Cmd: translateComputeKernel
  api=14 insize=23635 outsize=48220 ok=1
Cmd: translateComputeKernel
  api=14 insize=35647 outsize=70168 ok=1
Cmd: translateComputeKernel
  api=14 insize=5858 outsize=9983 ok=1
Cmd: translateComputeKernel
  api=14 insize=5858 outsize=10009 ok=1
Cmd: translateComputeKernel
  api=14 insize=4542 outsize=7288 ok=1
Cmd: translateComputeKernel
  api=14 insize=4542 outsize=7285 ok=1
Cmd: translateComputeKernel
  api=14 insize=5183 outsize=9301 ok=1
Cmd: translateComputeKernel
  api=14 insize=5183 outsize=9288 ok=1
Cmd: translateComputeKernel
  api=14 insize=3078 outsize=3738 ok=1
Cmd: translateComputeKernel
  api=14 insize=3482 outsize=4733 ok=1
Cmd: translateComputeKernel
  api=14 insize=3418 outsize=4615 ok=1
Cmd: translateComputeKernel
  api=14 insize=6831 outsize=10749 ok=1
Cmd: translateComputeKernel
  api=14 insize=14277 outsize=27537 ok=1
Cmd: translateComputeKernel
  api=14 insize=13637 outsize=26114 ok=1
Cmd: compileComputeKernel
  api=14 insize=4442 outsize=2858 ok=1
Cmd: compileComputeKernel
  api=14 insize=4442 outsize=3014 ok=1
Cmd: translateComputeKernel
  api=14 insize=2858 outsize=3602 ok=1
Cmd: translateComputeKernel
  api=14 insize=3006 outsize=4098 ok=1
Cmd: compileSnippet
  api=14 type=0 insize=1024 outsize=2957 kw=UNITY_PASS_SHADOWCASTER SHADOWS_DEPTH _METALLICGLOSSMAP pd=UNITY_ENABLE_REFLECTION_BUFFERS UNITY_USE_DITHER_MASK_FOR_ALPHABLENDED_SHADOWS UNITY_PBS_USE_BRDF1 UNITY_SPECCUBE_BOX_PROJECTION UNITY_SPECCUBE_BLENDING UNITY_ENABLE_DETAIL_NORMALMAP SHADER_API_DESKTOP UNITY_COLORSPACE_GAMMA UNITY_LIGHT_PROBE_PROXY_VOLUME UNITY_LIGHTMAP_FULL_HDR ok=1
Cmd: compileSnippet
  api=14 type=1 insize=1302 outsize=539 kw=UNITY_PASS_SHADOWCASTER SHADOWS_DEPTH pd=UNITY_ENABLE_REFLECTION_BUFFERS UNITY_USE_DITHER_MASK_FOR_ALPHABLENDED_SHADOWS UNITY_PBS_USE_BRDF1 UNITY_SPECCUBE_BOX_PROJECTION UNITY_SPECCUBE_BLENDING UNITY_ENABLE_DETAIL_NORMALMAP SHADER_API_DESKTOP UNITY_COLORSPACE_GAMMA UNITY_LIGHT_PROBE_PROXY_VOLUME UNITY_LIGHTMAP_FULL_HDR ok=1
Cmd: compileSnippet
  api=14 type=1 insize=1602 outsize=8946 kw=UNITY_PASS_FORWARDBASE DIRECTIONAL LIGHTPROBE_SH _SPECULARHIGHLIGHTS_OFF _GLOSSYREFLECTIONS_OFF pd=UNITY_ENABLE_REFLECTION_BUFFERS UNITY_USE_DITHER_MASK_FOR_ALPHABLENDED_SHADOWS UNITY_PBS_USE_BRDF1 UNITY_SPECCUBE_BOX_PROJECTION UNITY_SPECCUBE_BLENDING UNITY_ENABLE_DETAIL_NORMALMAP SHADER_API_DESKTOP UNITY_COLORSPACE_GAMMA UNITY_LIGHT_PROBE_PROXY_VOLUME UNITY_LIGHTMAP_FULL_HDR ok=1
Cmd: compileSnippet
  api=14 type=1 insize=1379 outsize=9002 kw=UNITY_PASS_FORWARDBASE DIRECTIONAL LIGHTPROBE_SH _SPECULARHIGHLIGHTS_OFF _GLOSSYREFLECTIONS_OFF pd=UNITY_ENABLE_REFLECTION_BUFFERS UNITY_USE_DITHER_MASK_FOR_ALPHABLENDED_SHADOWS UNITY_PBS_USE_BRDF1 UNITY_SPECCUBE_BOX_PROJECTION UNITY_SPECCUBE_BLENDING UNITY_ENABLE_DETAIL_NORMALMAP SHADER_API_DESKTOP UNITY_COLORSPACE_GAMMA UNITY_LIGHT_PROBE_PROXY_VOLUME UNITY_LIGHTMAP_FULL_HDR ok=1
Cmd: compileSnippet
  api=14 type=0 insize=1602 outsize=4151 kw=UNITY_PASS_FORWARDBASE DIRECTIONAL SHADOWS_SCREEN LIGHTPROBE_SH _SPECULARHIGHLIGHTS_OFF _GLOSSYREFLECTIONS_OFF pd=UNITY_ENABLE_REFLECTION_BUFFERS UNITY_USE_DITHER_MASK_FOR_ALPHABLENDED_SHADOWS UNITY_PBS_USE_BRDF1 UNITY_SPECCUBE_BOX_PROJECTION UNITY_SPECCUBE_BLENDING UNITY_ENABLE_DETAIL_NORMALMAP SHADER_API_DESKTOP UNITY_COLORSPACE_GAMMA UNITY_LIGHT_PROBE_PROXY_VOLUME UNITY_LIGHTMAP_FULL_HDR ok=1
Cmd: compileSnippet
  api=14 type=0 insize=1379 outsize=4937 kw=UNITY_PASS_FORWARDBASE DIRECTIONAL SHADOWS_SCREEN LIGHTPROBE_SH _NORMALMAP _METALLICGLOSSMAP _SPECULARHIGHLIGHTS_OFF _GLOSSYREFLECTIONS_OFF pd=UNITY_ENABLE_REFLECTION_BUFFERS UNITY_USE_DITHER_MASK_FOR_ALPHABLENDED_SHADOWS UNITY_PBS_USE_BRDF1 UNITY_SPECCUBE_BOX_PROJECTION UNITY_SPECCUBE_BLENDING UNITY_ENABLE_DETAIL_NORMALMAP SHADER_API_DESKTOP UNITY_COLORSPACE_GAMMA UNITY_LIGHT_PROBE_PROXY_VOLUME UNITY_LIGHTMAP_FULL_HDR ok=1
Cmd: compileSnippet
  api=14 type=1 insize=1379 outsize=10146 kw=UNITY_PASS_FORWARDBASE DIRECTIONAL SHADOWS_SCREEN LIGHTPROBE_SH _SPECULARHIGHLIGHTS_OFF _GLOSSYREFLECTIONS_OFF pd=UNITY_ENABLE_REFLECTION_BUFFERS UNITY_USE_DITHER_MASK_FOR_ALPHABLENDED_SHADOWS UNITY_PBS_USE_BRDF1 UNITY_SPECCUBE_BOX_PROJECTION UNITY_SPECCUBE_BLENDING UNITY_ENABLE_DETAIL_NORMALMAP SHADER_API_DESKTOP UNITY_COLORSPACE_GAMMA UNITY_LIGHT_PROBE_PROXY_VOLUME UNITY_LIGHTMAP_FULL_HDR ok=1
Cmd: compileSnippet
  api=14 type=1 insize=16577 outsize=1879 kw=_SUNDISK_SIMPLE pd=UNITY_ENABLE_REFLECTION_BUFFERS UNITY_USE_DITHER_MASK_FOR_ALPHABLENDED_SHADOWS UNITY_PBS_USE_BRDF1 UNITY_SPECCUBE_BOX_PROJECTION UNITY_SPECCUBE_BLENDING UNITY_ENABLE_DETAIL_NORMALMAP SHADER_API_DESKTOP UNITY_COLORSPACE_GAMMA UNITY_LIGHT_PROBE_PROXY_VOLUME UNITY_LIGHTMAP_FULL_HDR ok=1

Quitting shader compiler process
