Base path: '/Applications/Unity/Hub/Editor/2019.4.2f1/Unity.app/Contents', plugins path '/Applications/Unity/Hub/Editor/2019.4.2f1/PlaybackEngines'
Cmd: initializeCompiler
Cmd: compileComputeKernel
  api=14 insize=12919 outsize=3286 ok=1
Cmd: compileComputeKernel
  api=14 insize=12919 outsize=4103 ok=1
Cmd: compileComputeKernel
  api=14 insize=12919 outsize=2988 ok=1
Cmd: translateComputeKernel
  api=14 insize=3457 outsize=4240 ok=1
Cmd: translateComputeKernel
  api=14 insize=3057 outsize=3263 ok=1
Cmd: translateComputeKernel
  api=14 insize=3830 outsize=4537 ok=1
Cmd: translateComputeKernel
  api=14 insize=3829 outsize=4729 ok=1
Cmd: translateComputeKernel
  api=14 insize=4370 outsize=5658 ok=1
Cmd: translateComputeKernel
  api=14 insize=3256 outsize=3567 ok=1
Cmd: translateComputeKernel
  api=14 insize=3801 outsize=5252 ok=1
Cmd: compileComputeKernel
  api=14 insize=11985 outsize=2857 ok=1
Cmd: compileComputeKernel
  api=14 insize=11985 outsize=2853 ok=1
Cmd: compileComputeKernel
  api=14 insize=11985 outsize=2853 ok=1
Cmd: compileComputeKernel
  api=14 insize=11985 outsize=3008 ok=1
Cmd: compileComputeKernel
  api=14 insize=11985 outsize=2890 ok=1
Cmd: compileComputeKernel
  api=14 insize=11985 outsize=2887 ok=1
Cmd: compileComputeKernel
  api=14 insize=11985 outsize=2999 ok=1
Cmd: compileComputeKernel
  api=14 insize=11985 outsize=3004 ok=1
Cmd: translateComputeKernel
  api=14 insize=2927 outsize=3720 ok=1
Cmd: translateComputeKernel
  api=14 insize=2923 outsize=3721 ok=1
Cmd: translateComputeKernel
  api=14 insize=3008 outsize=3864 ok=1
Cmd: translateComputeKernel
  api=14 insize=2960 outsize=3769 ok=1
Cmd: translateComputeKernel
  api=14 insize=2957 outsize=3766 ok=1
Cmd: translateComputeKernel
  api=14 insize=3069 outsize=3955 ok=1
Cmd: translateComputeKernel
  api=14 insize=3074 outsize=3976 ok=1
Cmd: compileComputeKernel
  api=14 insize=17013 outsize=3785 ok=1
Cmd: compileComputeKernel
  api=14 insize=17013 outsize=4939 ok=1
Cmd: compileComputeKernel
  api=14 insize=17013 outsize=4735 ok=1
Cmd: compileComputeKernel
  api=14 insize=17013 outsize=7485 ok=1
Cmd: translateComputeKernel
  api=14 insize=3895 outsize=5344 ok=1
Cmd: translateComputeKernel
  api=14 insize=5137 outsize=8516 ok=1
Cmd: translateComputeKernel
  api=14 insize=4957 outsize=8158 ok=1
Cmd: translateComputeKernel
  api=14 insize=7833 outsize=14020 ok=1
Cmd: compileComputeKernel
  api=14 insize=74735 outsize=4002 ok=1
Cmd: compileComputeKernel
  api=14 insize=74735 outsize=15351 ok=1
Cmd: compileComputeKernel
  api=14 insize=74735 outsize=3621 ok=1
Cmd: compileComputeKernel
  api=14 insize=74735 outsize=3621 ok=1
Cmd: compileComputeKernel
  api=14 insize=74735 outsize=4177 ok=1
Cmd: compileComputeKernel
  api=14 insize=74735 outsize=3539 ok=1
Cmd: compileComputeKernel
  api=14 insize=74735 outsize=3799 ok=1
Cmd: compileComputeKernel
  api=14 insize=74735 outsize=5611 ok=1
Cmd: compileComputeKernel
  api=14 insize=74735 outsize=3419 ok=1
Cmd: compileComputeKernel
  api=14 insize=74735 outsize=3416 ok=1
Cmd: compileComputeKernel
  api=14 insize=74735 outsize=3442 ok=1
Cmd: compileComputeKernel
  api=14 insize=74735 outsize=3763 ok=1
Cmd: compileComputeKernel
  api=14 insize=74735 outsize=3652 ok=1
Cmd: compileComputeKernel
  api=14 insize=74735 outsize=3515 ok=1
Cmd: compileComputeKernel
  api=14 insize=74735 outsize=3577 ok=1
Cmd: compileComputeKernel
  api=14 insize=74735 outsize=4093 ok=1
Cmd: compileComputeKernel
  api=14 insize=74735 outsize=3443 ok=1
Cmd: compileComputeKernel
  api=14 insize=74735 outsize=3909 ok=1
Cmd: compileComputeKernel
  api=14 insize=74735 outsize=3529 ok=1
Cmd: compileComputeKernel
  api=14 insize=74735 outsize=3529 ok=1
Cmd: compileComputeKernel
  api=14 insize=74735 outsize=3533 ok=1
Cmd: compileComputeKernel
  api=14 insize=74735 outsize=3512 ok=1
Cmd: compileComputeKernel
  api=14 insize=74735 outsize=3516 ok=1
Cmd: compileComputeKernel
  api=14 insize=74735 outsize=3519 ok=1
Cmd: compileComputeKernel
  api=14 insize=74735 outsize=3712 ok=1
Cmd: compileComputeKernel
  api=14 insize=74735 outsize=4055 ok=1
Cmd: compileComputeKernel
  api=14 insize=74735 outsize=4051 ok=1
Cmd: compileComputeKernel
  api=14 insize=74735 outsize=4051 ok=1
Cmd: compileComputeKernel
  api=14 insize=74735 outsize=4083 ok=1
Cmd: compileComputeKernel
  api=14 insize=74735 outsize=4080 ok=1
Cmd: compileComputeKernel
  api=14 insize=74735 outsize=4081 ok=1
Cmd: compileComputeKernel
  api=14 insize=74735 outsize=4230 ok=1
Cmd: compileComputeKernel
  api=14 insize=74735 outsize=3458 ok=1
Cmd: compileComputeKernel
  api=14 insize=74735 outsize=3433 ok=1
Cmd: compileComputeKernel
  api=14 insize=74735 outsize=3433 ok=1
Cmd: compileComputeKernel
  api=14 insize=74735 outsize=3434 ok=1
Cmd: compileComputeKernel
  api=14 insize=74735 outsize=5592 ok=1
Cmd: compileComputeKernel
  api=14 insize=74735 outsize=3726 ok=1
Cmd: compileComputeKernel
  api=14 insize=74735 outsize=3912 ok=1
Cmd: compileComputeKernel
  api=14 insize=74735 outsize=3559 ok=1
Cmd: compileComputeKernel
  api=14 insize=74735 outsize=3055 ok=1
Cmd: compileComputeKernel
  api=14 insize=74735 outsize=3128 ok=1
Cmd: compileComputeKernel
  api=14 insize=74735 outsize=3514 ok=1
Cmd: translateComputeKernel
  api=14 insize=4544 outsize=4705 ok=1
Cmd: translateComputeKernel
  api=14 insize=15865 outsize=28557 ok=1
Cmd: translateComputeKernel
  api=14 insize=4182 outsize=4052 ok=1
Cmd: translateComputeKernel
  api=14 insize=4495 outsize=4578 ok=1
Cmd: translateComputeKernel
  api=14 insize=4333 outsize=4266 ok=1
Cmd: translateComputeKernel
  api=14 insize=4134 outsize=3963 ok=1
Cmd: translateComputeKernel
  api=14 insize=4228 outsize=4157 ok=1
Cmd: translateComputeKernel
  api=14 insize=4707 outsize=5180 ok=1
Cmd: translateComputeKernel
  api=14 insize=4301 outsize=4212 ok=1
Cmd: translateComputeKernel
  api=14 insize=4124 outsize=3961 ok=1
Cmd: translateComputeKernel
  api=14 insize=4097 outsize=3921 ok=1
Cmd: translateComputeKernel
  api=14 insize=4560 outsize=4688 ok=1
Cmd: translateComputeKernel
  api=14 insize=4210 outsize=4099 ok=1
Cmd: translateComputeKernel
  api=14 insize=4210 outsize=4098 ok=1
Cmd: translateComputeKernel
  api=14 insize=4641 outsize=4740 ok=1
Cmd: translateComputeKernel
  api=14 insize=4100 outsize=3919 ok=1
Cmd: translateComputeKernel
  api=14 insize=4100 outsize=3919 ok=1
Cmd: translateComputeKernel
  api=14 insize=4132 outsize=4026 ok=1
Cmd: translateComputeKernel
  api=14 insize=4149 outsize=3962 ok=1
Cmd: translateComputeKernel
  api=14 insize=4698 outsize=5289 ok=1
Cmd: translateComputeKernel
  api=14 insize=4698 outsize=5289 ok=1
Cmd: translateComputeKernel
  api=14 insize=5138 outsize=6084 ok=1
Cmd: translateComputeKernel
  api=14 insize=4698 outsize=5293 ok=1
Cmd: translateComputeKernel
  api=14 insize=4730 outsize=5335 ok=1
Cmd: translateComputeKernel
  api=14 insize=4727 outsize=5332 ok=1
Cmd: translateComputeKernel
  api=14 insize=4728 outsize=5334 ok=1
Cmd: translateComputeKernel
  api=14 insize=4877 outsize=5583 ok=1
Cmd: translateComputeKernel
  api=14 insize=4139 outsize=3970 ok=1
Cmd: translateComputeKernel
  api=14 insize=4114 outsize=3996 ok=1
Cmd: translateComputeKernel
  api=14 insize=4114 outsize=3981 ok=1
Cmd: translateComputeKernel
  api=14 insize=4729 outsize=5149 ok=1
Cmd: translateComputeKernel
  api=14 insize=6064 outsize=7766 ok=1
Cmd: translateComputeKernel
  api=14 insize=4321 outsize=4319 ok=1
Cmd: translateComputeKernel
  api=14 insize=4565 outsize=4675 ok=1
Cmd: translateComputeKernel
  api=14 insize=4181 outsize=4013 ok=1
Cmd: translateComputeKernel
  api=14 insize=5384 outsize=6580 ok=1
Cmd: translateComputeKernel
  api=14 insize=4195 outsize=4117 ok=1
Cmd: compileComputeKernel
  api=14 insize=73293 outsize=4088 ok=1
Cmd: compileComputeKernel
  api=14 insize=73293 outsize=6767 ok=1
Cmd: compileComputeKernel
  api=14 insize=73293 outsize=7493 ok=1
Cmd: translateComputeKernel
  api=14 insize=9640 outsize=17894 ok=1
Cmd: compileComputeKernel
  api=14 insize=57129 outsize=2244 ok=1
Cmd: compileComputeKernel
  api=14 insize=57129 outsize=2146 ok=1
Cmd: compileComputeKernel
  api=14 insize=57129 outsize=1151 ok=1
Cmd: compileComputeKernel
  api=14 insize=57129 outsize=2154 ok=1
Cmd: compileComputeKernel
  api=14 insize=57129 outsize=1166 ok=1
Cmd: compileComputeKernel
  api=14 insize=57129 outsize=2278 ok=1
Cmd: compileComputeKernel
  api=14 insize=57129 outsize=2382 ok=1
Cmd: compileComputeKernel
  api=14 insize=57129 outsize=1319 ok=1
Cmd: compileComputeKernel
  api=14 insize=57129 outsize=2320 ok=1
Cmd: compileComputeKernel
  api=14 insize=57129 outsize=2221 ok=1
Cmd: compileComputeKernel
  api=14 insize=57129 outsize=1205 ok=1
Cmd: compileComputeKernel
  api=14 insize=57129 outsize=2268 ok=1
Cmd: compileComputeKernel
  api=14 insize=57129 outsize=2231 ok=1
Cmd: compileComputeKernel
  api=14 insize=57129 outsize=1228 ok=1
Cmd: compileComputeKernel
  api=14 insize=57129 outsize=2344 ok=1
Cmd: compileComputeKernel
  api=14 insize=57129 outsize=2259 ok=1
Cmd: compileComputeKernel
  api=14 insize=57129 outsize=2585 ok=1
Cmd: compileComputeKernel
  api=14 insize=57129 outsize=2354 ok=1
Cmd: compileComputeKernel
  api=14 insize=57129 outsize=2263 ok=1
Cmd: compileComputeKernel
  api=14 insize=57129 outsize=1157 ok=1
Cmd: compileComputeKernel
  api=14 insize=57129 outsize=2349 ok=1
Cmd: compileComputeKernel
  api=14 insize=57129 outsize=2258 ok=1
Cmd: compileComputeKernel
  api=14 insize=57129 outsize=1221 ok=1
Cmd: compileComputeKernel
  api=14 insize=57129 outsize=2764 ok=1
Cmd: compileComputeKernel
  api=14 insize=57129 outsize=2793 ok=1
Cmd: compileComputeKernel
  api=14 insize=57129 outsize=3433 ok=1
Cmd: compileComputeKernel
  api=14 insize=57129 outsize=3019 ok=1
Cmd: compileComputeKernel
  api=14 insize=57129 outsize=2992 ok=1
Cmd: compileComputeKernel
  api=14 insize=57129 outsize=2841 ok=1
Cmd: compileComputeKernel
  api=14 insize=57129 outsize=2835 ok=1
Cmd: compileComputeKernel
  api=14 insize=57129 outsize=2937 ok=1
Cmd: compileComputeKernel
  api=14 insize=57129 outsize=2831 ok=1
Cmd: compileComputeKernel
  api=14 insize=57129 outsize=2720 ok=1
Cmd: compileComputeKernel
  api=14 insize=57129 outsize=2760 ok=1
Cmd: compileComputeKernel
  api=14 insize=57129 outsize=2756 ok=1
Cmd: compileComputeKernel
  api=14 insize=57129 outsize=2841 ok=1
Cmd: compileComputeKernel
  api=14 insize=57129 outsize=3103 ok=1
Cmd: compileComputeKernel
  api=14 insize=57129 outsize=2859 ok=1
Cmd: compileComputeKernel
  api=14 insize=57129 outsize=3005 ok=1
Cmd: compileComputeKernel
  api=14 insize=57129 outsize=2806 ok=1
Cmd: compileComputeKernel
  api=14 insize=57129 outsize=3037 ok=1
Cmd: compileComputeKernel
  api=14 insize=57129 outsize=2846 ok=1
Cmd: compileComputeKernel
  api=14 insize=57129 outsize=3300 ok=1
Cmd: compileComputeKernel
  api=14 insize=57129 outsize=2850 ok=1
Cmd: compileComputeKernel
  api=14 insize=57129 outsize=2696 ok=1
Cmd: compileComputeKernel
  api=14 insize=57129 outsize=2789 ok=1
Cmd: compileComputeKernel
  api=14 insize=57129 outsize=2696 ok=1
Cmd: compileComputeKernel
  api=14 insize=57129 outsize=2793 ok=1
Cmd: compileComputeKernel
  api=14 insize=57129 outsize=2728 ok=1
Cmd: translateComputeKernel
  api=14 insize=2344 outsize=2242 ok=1
Cmd: translateComputeKernel
  api=14 insize=2341 outsize=2246 ok=1
Cmd: translateComputeKernel
  api=14 insize=2342 outsize=2248 ok=1
Cmd: translateComputeKernel
  api=14 insize=2409 outsize=2361 ok=1
Cmd: translateComputeKernel
  api=14 insize=2605 outsize=2648 ok=1
Cmd: translateComputeKernel
  api=14 insize=2486 outsize=2488 ok=1
Cmd: translateComputeKernel
  api=14 insize=2476 outsize=2490 ok=1
Cmd: translateComputeKernel
  api=14 insize=2428 outsize=2396 ok=1
Cmd: translateComputeKernel
  api=14 insize=2341 outsize=2246 ok=1
Cmd: translateComputeKernel
  api=14 insize=2456 outsize=2438 ok=1
Cmd: translateComputeKernel
  api=14 insize=2445 outsize=2419 ok=1
Cmd: translateComputeKernel
  api=14 insize=2454 outsize=2408 ok=1
Cmd: translateComputeKernel
  api=14 insize=2685 outsize=2756 ok=1
Cmd: translateComputeKernel
  api=14 insize=1628 outsize=1743 ok=1
Cmd: translateComputeKernel
  api=14 insize=2945 outsize=3176 ok=1
Cmd: translateComputeKernel
  api=14 insize=2449 outsize=2395 ok=1
Cmd: translateComputeKernel
  api=14 insize=1410 outsize=1438 ok=1
Cmd: translateComputeKernel
  api=14 insize=1627 outsize=1726 ok=1
Cmd: translateComputeKernel
  api=14 insize=2735 outsize=2953 ok=1
Cmd: translateComputeKernel
  api=14 insize=2902 outsize=3514 ok=1
Cmd: translateComputeKernel
  api=14 insize=2891 outsize=3522 ok=1
Cmd: translateComputeKernel
  api=14 insize=3121 outsize=3659 ok=1
Cmd: translateComputeKernel
  api=14 insize=3130 outsize=3823 ok=1
Cmd: translateComputeKernel
  api=14 insize=2979 outsize=3629 ok=1
Cmd: translateComputeKernel
  api=14 insize=2933 outsize=3596 ok=1
Cmd: translateComputeKernel
  api=14 insize=2962 outsize=3444 ok=1
Cmd: translateComputeKernel
  api=14 insize=2944 outsize=3407 ok=1
Cmd: translateComputeKernel
  api=14 insize=2944 outsize=3408 ok=1
Cmd: translateComputeKernel
  api=14 insize=2917 outsize=3368 ok=1
Cmd: translateComputeKernel
  api=14 insize=2972 outsize=3449 ok=1
Cmd: translateComputeKernel
  api=14 insize=3264 outsize=3956 ok=1
Cmd: translateComputeKernel
  api=14 insize=3229 outsize=3875 ok=1
Cmd: translateComputeKernel
  api=14 insize=3030 outsize=3546 ok=1
Cmd: translateComputeKernel
  api=14 insize=3198 outsize=4013 ok=1
Cmd: translateComputeKernel
  api=14 insize=2967 outsize=3645 ok=1
Cmd: translateComputeKernel
  api=14 insize=3398 outsize=4271 ok=1
Cmd: translateComputeKernel
  api=14 insize=2971 outsize=3635 ok=1
Cmd: translateComputeKernel
  api=14 insize=2857 outsize=3482 ok=1
Cmd: translateComputeKernel
  api=14 insize=2920 outsize=3366 ok=1
Cmd: translateComputeKernel
  api=14 insize=3017 outsize=3543 ok=1
Cmd: translateComputeKernel
  api=14 insize=2929 outsize=3607 ok=1
Cmd: compileComputeKernel
  api=14 insize=79371 outsize=9312 ok=1
Cmd: compileComputeKernel
  api=14 insize=79371 outsize=12701 ok=1
Cmd: compileComputeKernel
  api=14 insize=79371 outsize=11317 ok=1
Cmd: compileComputeKernel
  api=14 insize=79371 outsize=23678 ok=1
Cmd: compileComputeKernel
  api=14 insize=79371 outsize=26293 ok=1
Cmd: compileComputeKernel
  api=14 insize=79371 outsize=31862 ok=1
Cmd: translateComputeKernel
  api=14 insize=9346 outsize=18278 ok=1
Cmd: translateComputeKernel
  api=14 insize=12827 outsize=22979 ok=1
Cmd: translateComputeKernel
  api=14 insize=11443 outsize=21438 ok=1
Cmd: translateComputeKernel
  api=14 insize=28179 outsize=59244 ok=1
Cmd: translateComputeKernel
  api=14 insize=26327 outsize=54443 ok=1
Cmd: translateComputeKernel
  api=14 insize=36388 outsize=71539 ok=1
Cmd: compileComputeKernel
  api=14 insize=4442 outsize=2713 ok=1
Cmd: compileComputeKernel
  api=14 insize=4442 outsize=3014 ok=1
Cmd: translateComputeKernel
  api=14 insize=2771 outsize=3369 ok=1
Cmd: translateComputeKernel
  api=14 insize=3072 outsize=4163 ok=1
Cmd: compileSnippet
  api=14 type=0 insize=1024 outsize=2957 kw=UNITY_PASS_SHADOWCASTER SHADOWS_DEPTH pd=UNITY_ENABLE_REFLECTION_BUFFERS UNITY_USE_DITHER_MASK_FOR_ALPHABLENDED_SHADOWS UNITY_PBS_USE_BRDF1 UNITY_SPECCUBE_BOX_PROJECTION UNITY_SPECCUBE_BLENDING UNITY_ENABLE_DETAIL_NORMALMAP SHADER_API_DESKTOP UNITY_COLORSPACE_GAMMA UNITY_LIGHT_PROBE_PROXY_VOLUME UNITY_LIGHTMAP_FULL_HDR ok=1
Cmd: compileSnippet
  api=14 type=0 insize=1302 outsize=2957 kw=UNITY_PASS_SHADOWCASTER SHADOWS_DEPTH pd=UNITY_ENABLE_REFLECTION_BUFFERS UNITY_USE_DITHER_MASK_FOR_ALPHABLENDED_SHADOWS UNITY_PBS_USE_BRDF1 UNITY_SPECCUBE_BOX_PROJECTION UNITY_SPECCUBE_BLENDING UNITY_ENABLE_DETAIL_NORMALMAP SHADER_API_DESKTOP UNITY_COLORSPACE_GAMMA UNITY_LIGHT_PROBE_PROXY_VOLUME UNITY_LIGHTMAP_FULL_HDR ok=1
Cmd: compileSnippet
  api=14 type=0 insize=1379 outsize=4702 kw=UNITY_PASS_FORWARDBASE DIRECTIONAL LIGHTPROBE_SH _NORMALMAP _METALLICGLOSSMAP _SPECULARHIGHLIGHTS_OFF _GLOSSYREFLECTIONS_OFF pd=UNITY_ENABLE_REFLECTION_BUFFERS UNITY_USE_DITHER_MASK_FOR_ALPHABLENDED_SHADOWS UNITY_PBS_USE_BRDF1 UNITY_SPECCUBE_BOX_PROJECTION UNITY_SPECCUBE_BLENDING UNITY_ENABLE_DETAIL_NORMALMAP SHADER_API_DESKTOP UNITY_COLORSPACE_GAMMA UNITY_LIGHT_PROBE_PROXY_VOLUME UNITY_LIGHTMAP_FULL_HDR ok=1
Cmd: compileSnippet
  api=14 type=0 insize=1379 outsize=3918 kw=UNITY_PASS_FORWARDBASE DIRECTIONAL LIGHTPROBE_SH _SPECULARHIGHLIGHTS_OFF _GLOSSYREFLECTIONS_OFF pd=UNITY_ENABLE_REFLECTION_BUFFERS UNITY_USE_DITHER_MASK_FOR_ALPHABLENDED_SHADOWS UNITY_PBS_USE_BRDF1 UNITY_SPECCUBE_BOX_PROJECTION UNITY_SPECCUBE_BLENDING UNITY_ENABLE_DETAIL_NORMALMAP SHADER_API_DESKTOP UNITY_COLORSPACE_GAMMA UNITY_LIGHT_PROBE_PROXY_VOLUME UNITY_LIGHTMAP_FULL_HDR ok=1
Cmd: compileSnippet
  api=14 type=1 insize=11846 outsize=11918 kw=SHADOWS_SPLIT_SPHERES pd=UNITY_ENABLE_REFLECTION_BUFFERS UNITY_USE_DITHER_MASK_FOR_ALPHABLENDED_SHADOWS UNITY_PBS_USE_BRDF1 UNITY_SPECCUBE_BOX_PROJECTION UNITY_SPECCUBE_BLENDING UNITY_ENABLE_DETAIL_NORMALMAP SHADER_API_DESKTOP UNITY_COLORSPACE_GAMMA UNITY_LIGHT_PROBE_PROXY_VOLUME UNITY_LIGHTMAP_FULL_HDR ok=1
Cmd: compileSnippet
  api=14 type=1 insize=1379 outsize=10993 kw=UNITY_PASS_FORWARDBASE DIRECTIONAL SHADOWS_SCREEN LIGHTPROBE_SH _NORMALMAP _METALLICGLOSSMAP _SPECULARHIGHLIGHTS_OFF _GLOSSYREFLECTIONS_OFF pd=UNITY_ENABLE_REFLECTION_BUFFERS UNITY_USE_DITHER_MASK_FOR_ALPHABLENDED_SHADOWS UNITY_PBS_USE_BRDF1 UNITY_SPECCUBE_BOX_PROJECTION UNITY_SPECCUBE_BLENDING UNITY_ENABLE_DETAIL_NORMALMAP SHADER_API_DESKTOP UNITY_COLORSPACE_GAMMA UNITY_LIGHT_PROBE_PROXY_VOLUME UNITY_LIGHTMAP_FULL_HDR ok=1
Cmd: compileSnippet
  api=14 type=0 insize=16577 outsize=9629 kw=_SUNDISK_NONE pd=UNITY_ENABLE_REFLECTION_BUFFERS UNITY_USE_DITHER_MASK_FOR_ALPHABLENDED_SHADOWS UNITY_PBS_USE_BRDF1 UNITY_SPECCUBE_BOX_PROJECTION UNITY_SPECCUBE_BLENDING UNITY_ENABLE_DETAIL_NORMALMAP SHADER_API_DESKTOP UNITY_COLORSPACE_GAMMA UNITY_LIGHT_PROBE_PROXY_VOLUME UNITY_LIGHTMAP_FULL_HDR ok=1

Quitting shader compiler process
