Base path: 'C:/Program Files/Unity/Hub/Editor/2019.4.2f1/Editor/Data', plugins path 'C:/Program Files/Unity/Hub/Editor/2019.4.2f1/Editor/Data/PlaybackEngines'
Cmd: initializeCompiler
Cmd: compileSnippet
  api=4 type=1 insize=16577 outsize=442 kw=_SUNDISK_NONE pd=UNITY_ENABLE_REFLECTION_BUFFERS UNITY_USE_DITHER_MASK_FOR_ALPHABLENDED_SHADOWS UNITY_PBS_USE_BRDF1 UNITY_SPECCUBE_BOX_PROJECTION UNITY_SPECCUBE_BLENDING UNITY_ENABLE_DETAIL_NORMALMAP SHADER_API_DESKTOP UNITY_COLORSPACE_GAMMA UNITY_LIGHT_PROBE_PROXY_VOLUME UNITY_LIGHTMAP_FULL_HDR ok=1
Cmd: compileSnippet
  api=4 type=1 insize=16577 outsize=902 kw=_SUNDISK_SIMPLE pd=UNITY_ENABLE_REFLECTION_BUFFERS UNITY_USE_DITHER_MASK_FOR_ALPHABLENDED_SHADOWS UNITY_PBS_USE_BRDF1 UNITY_SPECCUBE_BOX_PROJECTION UNITY_SPECCUBE_BLENDING UNITY_ENABLE_DETAIL_NORMALMAP SHADER_API_DESKTOP UNITY_COLORSPACE_GAMMA UNITY_LIGHT_PROBE_PROXY_VOLUME UNITY_LIGHTMAP_FULL_HDR ok=1
Cmd: compileSnippet
  api=4 type=0 insize=1379 outsize=2002 kw=UNITY_PASS_FORWARDBASE DIRECTIONAL SHADOWS_SCREEN LIGHTPROBE_SH _SPECULARHIGHLIGHTS_OFF _GLOSSYREFLECTIONS_OFF pd=UNITY_ENABLE_REFLECTION_BUFFERS UNITY_USE_DITHER_MASK_FOR_ALPHABLENDED_SHADOWS UNITY_PBS_USE_BRDF1 UNITY_SPECCUBE_BOX_PROJECTION UNITY_SPECCUBE_BLENDING UNITY_ENABLE_DETAIL_NORMALMAP SHADER_API_DESKTOP UNITY_COLORSPACE_GAMMA UNITY_LIGHT_PROBE_PROXY_VOLUME UNITY_LIGHTMAP_FULL_HDR ok=1
Cmd: compileSnippet
  api=4 type=0 insize=1602 outsize=2002 kw=UNITY_PASS_FORWARDBASE DIRECTIONAL SHADOWS_SCREEN LIGHTPROBE_SH _SPECULARHIGHLIGHTS_OFF _GLOSSYREFLECTIONS_OFF pd=UNITY_ENABLE_REFLECTION_BUFFERS UNITY_USE_DITHER_MASK_FOR_ALPHABLENDED_SHADOWS UNITY_PBS_USE_BRDF1 UNITY_SPECCUBE_BOX_PROJECTION UNITY_SPECCUBE_BLENDING UNITY_ENABLE_DETAIL_NORMALMAP SHADER_API_DESKTOP UNITY_COLORSPACE_GAMMA UNITY_LIGHT_PROBE_PROXY_VOLUME UNITY_LIGHTMAP_FULL_HDR ok=1
Cmd: compileSnippet
  api=4 type=0 insize=1237 outsize=1798 kw=UNITY_PASS_FORWARDADD DIRECTIONAL SHADOWS_SCREEN _SPECULARHIGHLIGHTS_OFF pd=UNITY_ENABLE_REFLECTION_BUFFERS UNITY_USE_DITHER_MASK_FOR_ALPHABLENDED_SHADOWS UNITY_PBS_USE_BRDF1 UNITY_SPECCUBE_BOX_PROJECTION UNITY_SPECCUBE_BLENDING UNITY_ENABLE_DETAIL_NORMALMAP SHADER_API_DESKTOP UNITY_COLORSPACE_GAMMA UNITY_LIGHT_PROBE_PROXY_VOLUME UNITY_LIGHTMAP_FULL_HDR ok=1
Cmd: initializeCompiler
Cmd: compileComputeKernel
  api=4 insize=12919 outsize=1126 ok=1
Cmd: compileComputeKernel
  api=4 insize=12919 outsize=1931 ok=1
Cmd: compileComputeKernel
  api=4 insize=12919 outsize=1364 ok=1
Cmd: compileComputeKernel
  api=4 insize=12919 outsize=1916 ok=1
Cmd: compileComputeKernel
  api=4 insize=11985 outsize=1465 ok=1
Cmd: compileComputeKernel
  api=4 insize=11985 outsize=1905 ok=1
Cmd: compileComputeKernel
  api=4 insize=11985 outsize=1494 ok=1
Cmd: compileComputeKernel
  api=4 insize=17013 outsize=3147 ok=1
Cmd: compileComputeKernel
  api=4 insize=17013 outsize=5733 ok=1
Cmd: compileComputeKernel
  api=4 insize=74735 outsize=1686 ok=1
Cmd: compileComputeKernel
  api=4 insize=74735 outsize=3099 ok=1
Cmd: compileComputeKernel
  api=4 insize=74735 outsize=2634 ok=1
Cmd: compileComputeKernel
  api=4 insize=74735 outsize=1689 ok=1
Cmd: compileComputeKernel
  api=4 insize=74735 outsize=1335 ok=1
Cmd: compileComputeKernel
  api=4 insize=74735 outsize=1597 ok=1
Cmd: compileComputeKernel
  api=4 insize=74735 outsize=1610 ok=1
Cmd: compileComputeKernel
  api=4 insize=74735 outsize=1287 ok=1
Cmd: compileComputeKernel
  api=4 insize=74735 outsize=1285 ok=1
Cmd: compileComputeKernel
  api=4 insize=74735 outsize=1631 ok=1
Cmd: compileComputeKernel
  api=4 insize=74735 outsize=1520 ok=1
Cmd: compileComputeKernel
  api=4 insize=74735 outsize=1359 ok=1
Cmd: compileComputeKernel
  api=4 insize=74735 outsize=1311 ok=1
Cmd: compileComputeKernel
  api=4 insize=74735 outsize=1596 ok=1
Cmd: compileComputeKernel
  api=4 insize=74735 outsize=1287 ok=1
Cmd: compileComputeKernel
  api=4 insize=74735 outsize=1319 ok=1
Cmd: compileComputeKernel
  api=4 insize=74735 outsize=1819 ok=1
Cmd: compileComputeKernel
  api=4 insize=74735 outsize=2259 ok=1
Cmd: compileComputeKernel
  api=4 insize=74735 outsize=1851 ok=1
Cmd: compileComputeKernel
  api=4 insize=74735 outsize=1849 ok=1
Cmd: compileComputeKernel
  api=4 insize=74735 outsize=1998 ok=1
Cmd: compileComputeKernel
  api=4 insize=74735 outsize=1394 ok=1
Cmd: compileComputeKernel
  api=4 insize=74735 outsize=3368 ok=1
Cmd: compileComputeKernel
  api=4 insize=74735 outsize=1750 ok=1
Cmd: compileComputeKernel
  api=4 insize=74735 outsize=923 ok=1
Cmd: compileComputeKernel
  api=4 insize=74735 outsize=1382 ok=1
Cmd: compileComputeKernel
  api=4 insize=73293 outsize=7888 ok=1
Cmd: compileComputeKernel
  api=4 insize=57129 outsize=629 ok=1
Cmd: compileComputeKernel
  api=4 insize=57129 outsize=623 ok=1
Cmd: compileComputeKernel
  api=4 insize=57129 outsize=806 ok=1
Cmd: compileComputeKernel
  api=4 insize=57129 outsize=759 ok=1
Cmd: compileComputeKernel
  api=4 insize=57129 outsize=777 ok=1
Cmd: compileComputeKernel
  api=4 insize=57129 outsize=701 ok=1
Cmd: compileComputeKernel
  api=4 insize=57129 outsize=769 ok=1
Cmd: compileComputeKernel
  api=4 insize=57129 outsize=777 ok=1
Cmd: compileComputeKernel
  api=4 insize=57129 outsize=1246 ok=1
Cmd: compileComputeKernel
  api=4 insize=57129 outsize=847 ok=1
Cmd: compileComputeKernel
  api=4 insize=57129 outsize=629 ok=1
Cmd: compileComputeKernel
  api=4 insize=57129 outsize=772 ok=1
Cmd: compileComputeKernel
  api=4 insize=57129 outsize=1035 ok=1
Cmd: compileComputeKernel
  api=4 insize=57129 outsize=1137 ok=1
Cmd: compileComputeKernel
  api=4 insize=57129 outsize=1369 ok=1
Cmd: compileComputeKernel
  api=4 insize=57129 outsize=1465 ok=1
Cmd: compileComputeKernel
  api=4 insize=57129 outsize=1311 ok=1
Cmd: compileComputeKernel
  api=4 insize=57129 outsize=1288 ok=1
Cmd: compileComputeKernel
  api=4 insize=57129 outsize=1631 ok=1
Cmd: compileComputeKernel
  api=4 insize=57129 outsize=1596 ok=1
Cmd: compileComputeKernel
  api=4 insize=57129 outsize=1628 ok=1
Cmd: compileComputeKernel
  api=4 insize=57129 outsize=1378 ok=1
Cmd: compileComputeKernel
  api=4 insize=57129 outsize=1317 ok=1
Cmd: compileComputeKernel
  api=4 insize=57129 outsize=1321 ok=1
Cmd: compileComputeKernel
  api=4 insize=79371 outsize=12420 ok=1
Cmd: compileComputeKernel
  api=4 insize=79371 outsize=35257 ok=1
Cmd: compileComputeKernel
  api=4 insize=79371 outsize=1572 ok=1
Cmd: compileComputeKernel
  api=4 insize=79371 outsize=1969 ok=1
Cmd: compileComputeKernel
  api=4 insize=79371 outsize=1905 ok=1
Cmd: compileComputeKernel
  api=4 insize=79371 outsize=5359 ok=1
Cmd: compileComputeKernel
  api=4 insize=79371 outsize=12876 ok=1
Cmd: compileComputeKernel
  api=4 insize=4442 outsize=1590 ok=1
