Base path: 'C:/Program Files/Unity/Hub/Editor/2019.4.2f1/Editor/Data', plugins path 'C:/Program Files/Unity/Hub/Editor/2019.4.2f1/Editor/Data/PlaybackEngines'
Cmd: initializeCompiler
Cmd: compileSnippet
  api=4 type=0 insize=16577 outsize=5666 kw=_SUNDISK_SIMPLE pd=UNITY_ENABLE_REFLECTION_BUFFERS UNITY_USE_DITHER_MASK_FOR_ALPHABLENDED_SHADOWS UNITY_PBS_USE_BRDF1 UNITY_SPECCUBE_BOX_PROJECTION UNITY_SPECCUBE_BLENDING UNITY_ENABLE_DETAIL_NORMALMAP SHADER_API_DESKTOP UNITY_COLORSPACE_GAMMA UNITY_LIGHT_PROBE_PROXY_VOLUME UNITY_LIGHTMAP_FULL_HDR ok=1
Cmd: compileSnippet
  api=4 type=0 insize=1379 outsize=2362 kw=UNITY_PASS_FORWARDBASE DIRECTIONAL SHADOWS_SCREEN LIGHTPROBE_SH _NORMALMAP _METALLICGLOSSMAP _SPECULARHIGHLIGHTS_OFF _GLOSSYREFLECTIONS_OFF pd=UNITY_ENABLE_REFLECTION_BUFFERS UNITY_USE_DITHER_MASK_FOR_ALPHABLENDED_SHADOWS UNITY_PBS_USE_BRDF1 UNITY_SPECCUBE_BOX_PROJECTION UNITY_SPECCUBE_BLENDING UNITY_ENABLE_DETAIL_NORMALMAP SHADER_API_DESKTOP UNITY_COLORSPACE_GAMMA UNITY_LIGHT_PROBE_PROXY_VOLUME UNITY_LIGHTMAP_FULL_HDR ok=1
Cmd: compileSnippet
  api=4 type=1 insize=1602 outsize=4574 kw=UNITY_PASS_FORWARDBASE DIRECTIONAL SHADOWS_SCREEN LIGHTPROBE_SH _SPECULARHIGHLIGHTS_OFF _GLOSSYREFLECTIONS_OFF pd=UNITY_ENABLE_REFLECTION_BUFFERS UNITY_USE_DITHER_MASK_FOR_ALPHABLENDED_SHADOWS UNITY_PBS_USE_BRDF1 UNITY_SPECCUBE_BOX_PROJECTION UNITY_SPECCUBE_BLENDING UNITY_ENABLE_DETAIL_NORMALMAP SHADER_API_DESKTOP UNITY_COLORSPACE_GAMMA UNITY_LIGHT_PROBE_PROXY_VOLUME UNITY_LIGHTMAP_FULL_HDR ok=1
Cmd: compileSnippet
  api=4 type=1 insize=1237 outsize=3298 kw=UNITY_PASS_FORWARDADD DIRECTIONAL SHADOWS_SCREEN _NORMALMAP _METALLICGLOSSMAP _SPECULARHIGHLIGHTS_OFF pd=UNITY_ENABLE_REFLECTION_BUFFERS UNITY_USE_DITHER_MASK_FOR_ALPHABLENDED_SHADOWS UNITY_PBS_USE_BRDF1 UNITY_SPECCUBE_BOX_PROJECTION UNITY_SPECCUBE_BLENDING UNITY_ENABLE_DETAIL_NORMALMAP SHADER_API_DESKTOP UNITY_COLORSPACE_GAMMA UNITY_LIGHT_PROBE_PROXY_VOLUME UNITY_LIGHTMAP_FULL_HDR ok=1
Cmd: initializeCompiler
Cmd: compileComputeKernel
  api=4 insize=12919 outsize=1027 ok=1
Cmd: compileComputeKernel
  api=4 insize=12919 outsize=1848 ok=1
Cmd: compileComputeKernel
  api=4 insize=12919 outsize=2479 ok=1
Cmd: compileComputeKernel
  api=4 insize=11985 outsize=1465 ok=1
Cmd: compileComputeKernel
  api=4 insize=11985 outsize=1465 ok=1
Cmd: compileComputeKernel
  api=4 insize=11985 outsize=1620 ok=1
Cmd: compileComputeKernel
  api=4 insize=11985 outsize=1495 ok=1
Cmd: compileComputeKernel
  api=4 insize=11985 outsize=1616 ok=1
Cmd: compileComputeKernel
  api=4 insize=17013 outsize=3291 ok=1
Cmd: compileComputeKernel
  api=4 insize=17013 outsize=5633 ok=1
Cmd: compileComputeKernel
  api=4 insize=74735 outsize=1686 ok=1
Cmd: compileComputeKernel
  api=4 insize=74735 outsize=3099 ok=1
Cmd: compileComputeKernel
  api=4 insize=74735 outsize=1489 ok=1
Cmd: compileComputeKernel
  api=4 insize=74735 outsize=2077 ok=1
Cmd: compileComputeKernel
  api=4 insize=74735 outsize=1667 ok=1
Cmd: compileComputeKernel
  api=4 insize=74735 outsize=1861 ok=1
Cmd: compileComputeKernel
  api=4 insize=74735 outsize=1311 ok=1
Cmd: compileComputeKernel
  api=4 insize=74735 outsize=1397 ok=1
Cmd: compileComputeKernel
  api=4 insize=74735 outsize=1401 ok=1
Cmd: compileComputeKernel
  api=4 insize=74735 outsize=1287 ok=1
Cmd: compileComputeKernel
  api=4 insize=74735 outsize=1387 ok=1
Cmd: compileComputeKernel
  api=4 insize=74735 outsize=1819 ok=1
Cmd: compileComputeKernel
  api=4 insize=74735 outsize=1819 ok=1
Cmd: compileComputeKernel
  api=4 insize=74735 outsize=1856 ok=1
Cmd: compileComputeKernel
  api=4 insize=74735 outsize=1997 ok=1
Cmd: compileComputeKernel
  api=4 insize=74735 outsize=1326 ok=1
Cmd: compileComputeKernel
  api=4 insize=74735 outsize=1301 ok=1
Cmd: compileComputeKernel
  api=4 insize=74735 outsize=3004 ok=1
Cmd: compileComputeKernel
  api=4 insize=74735 outsize=1449 ok=1
Cmd: compileComputeKernel
  api=4 insize=74735 outsize=1427 ok=1
Cmd: compileComputeKernel
  api=4 insize=74735 outsize=996 ok=1
Cmd: compileComputeKernel
  api=4 insize=73293 outsize=5741 ok=1
Cmd: compileComputeKernel
  api=4 insize=57129 outsize=674 ok=1
Cmd: compileComputeKernel
  api=4 insize=57129 outsize=682 ok=1
Cmd: compileComputeKernel
  api=4 insize=57129 outsize=1157 ok=1
Cmd: compileComputeKernel
  api=4 insize=57129 outsize=1023 ok=1
Cmd: compileComputeKernel
  api=4 insize=57129 outsize=796 ok=1
Cmd: compileComputeKernel
  api=4 insize=57129 outsize=837 ok=1
Cmd: compileComputeKernel
  api=4 insize=57129 outsize=882 ok=1
Cmd: compileComputeKernel
  api=4 insize=57129 outsize=1218 ok=1
Cmd: compileComputeKernel
  api=4 insize=57129 outsize=772 ok=1
Cmd: compileComputeKernel
  api=4 insize=57129 outsize=786 ok=1
Cmd: compileComputeKernel
  api=4 insize=57129 outsize=1269 ok=1
Cmd: compileComputeKernel
  api=4 insize=57129 outsize=1861 ok=1
Cmd: compileComputeKernel
  api=4 insize=57129 outsize=1520 ok=1
Cmd: compileComputeKernel
  api=4 insize=57129 outsize=1306 ok=1
Cmd: compileComputeKernel
  api=4 insize=57129 outsize=1402 ok=1
Cmd: compileComputeKernel
  api=4 insize=57129 outsize=1248 ok=1
Cmd: compileComputeKernel
  api=4 insize=57129 outsize=1221 ok=1
Cmd: compileComputeKernel
  api=4 insize=57129 outsize=1631 ok=1
Cmd: compileComputeKernel
  api=4 insize=57129 outsize=1596 ok=1
Cmd: compileComputeKernel
  api=4 insize=57129 outsize=1397 ok=1
Cmd: compileComputeKernel
  api=4 insize=57129 outsize=1805 ok=1
Cmd: compileComputeKernel
  api=4 insize=57129 outsize=1338 ok=1
Cmd: compileComputeKernel
  api=4 insize=57129 outsize=1224 ok=1
Cmd: compileComputeKernel
  api=4 insize=57129 outsize=1319 ok=1
Cmd: compileComputeKernel
  api=4 insize=79371 outsize=2787 ok=1
Cmd: compileComputeKernel
  api=4 insize=79371 outsize=9841 ok=1
Cmd: compileComputeKernel
  api=4 insize=79371 outsize=22258 ok=1
Cmd: compileComputeKernel
  api=4 insize=79371 outsize=30674 ok=1
Cmd: compileComputeKernel
  api=4 insize=4442 outsize=1590 ok=1
