Base path: 'C:/Program Files/Unity/Hub/Editor/2019.4.2f1/Editor/Data', plugins path 'C:/Program Files/Unity/Hub/Editor/2019.4.2f1/Editor/Data/PlaybackEngines'
Cmd: initializeCompiler
Cmd: compileComputeKernel
  api=4 insize=12919 outsize=1198 ok=1
Cmd: compileComputeKernel
  api=4 insize=11985 outsize=1465 ok=1
Cmd: compileComputeKernel
  api=4 insize=11985 outsize=1465 ok=1
Cmd: compileComputeKernel
  api=4 insize=11985 outsize=1502 ok=1
Cmd: compileComputeKernel
  api=4 insize=11985 outsize=1495 ok=1
Cmd: compileComputeKernel
  api=4 insize=11985 outsize=1616 ok=1
Cmd: compileComputeKernel
  api=4 insize=17013 outsize=2137 ok=1
Cmd: compileComputeKernel
  api=4 insize=17013 outsize=3140 ok=1
Cmd: compileComputeKernel
  api=4 insize=74735 outsize=2795 ok=1
Cmd: compileComputeKernel
  api=4 insize=74735 outsize=1579 ok=1
Cmd: compileComputeKernel
  api=4 insize=74735 outsize=1634 ok=1
Cmd: compileComputeKernel
  api=4 insize=74735 outsize=1489 ok=1
Cmd: compileComputeKernel
  api=4 insize=74735 outsize=1689 ok=1
Cmd: compileComputeKernel
  api=4 insize=74735 outsize=2029 ok=1
Cmd: compileComputeKernel
  api=4 insize=74735 outsize=1597 ok=1
Cmd: compileComputeKernel
  api=4 insize=74735 outsize=1610 ok=1
Cmd: compileComputeKernel
  api=4 insize=74735 outsize=1287 ok=1
Cmd: compileComputeKernel
  api=4 insize=74735 outsize=1369 ok=1
Cmd: compileComputeKernel
  api=4 insize=74735 outsize=1520 ok=1
Cmd: compileComputeKernel
  api=4 insize=74735 outsize=1359 ok=1
Cmd: compileComputeKernel
  api=4 insize=74735 outsize=1819 ok=1
Cmd: compileComputeKernel
  api=4 insize=74735 outsize=1819 ok=1
Cmd: compileComputeKernel
  api=4 insize=74735 outsize=1851 ok=1
Cmd: compileComputeKernel
  api=4 insize=74735 outsize=1997 ok=1
Cmd: compileComputeKernel
  api=4 insize=74735 outsize=1326 ok=1
Cmd: compileComputeKernel
  api=4 insize=74735 outsize=1394 ok=1
Cmd: compileComputeKernel
  api=4 insize=74735 outsize=3544 ok=1
Cmd: compileComputeKernel
  api=4 insize=74735 outsize=1680 ok=1
Cmd: compileComputeKernel
  api=4 insize=74735 outsize=923 ok=1
Cmd: compileComputeKernel
  api=4 insize=74735 outsize=1382 ok=1
Cmd: compileComputeKernel
  api=4 insize=73293 outsize=3651 ok=1
Cmd: compileComputeKernel
  api=4 insize=57129 outsize=629 ok=1
Cmd: compileComputeKernel
  api=4 insize=57129 outsize=769 ok=1
Cmd: compileComputeKernel
  api=4 insize=57129 outsize=711 ok=1
Cmd: compileComputeKernel
  api=4 insize=57129 outsize=1005 ok=1
Cmd: compileComputeKernel
  api=4 insize=57129 outsize=950 ok=1
Cmd: compileComputeKernel
  api=4 insize=57129 outsize=701 ok=1
Cmd: compileComputeKernel
  api=4 insize=57129 outsize=831 ok=1
Cmd: compileComputeKernel
  api=4 insize=57129 outsize=872 ok=1
Cmd: compileComputeKernel
  api=4 insize=57129 outsize=1018 ok=1
Cmd: compileComputeKernel
  api=4 insize=57129 outsize=791 ok=1
Cmd: compileComputeKernel
  api=4 insize=57129 outsize=782 ok=1
Cmd: compileComputeKernel
  api=4 insize=57129 outsize=881 ok=1
Cmd: compileComputeKernel
  api=4 insize=57129 outsize=1292 ok=1
Cmd: compileComputeKernel
  api=4 insize=57129 outsize=1137 ok=1
Cmd: compileComputeKernel
  api=4 insize=57129 outsize=1520 ok=1
Cmd: compileComputeKernel
  api=4 insize=57129 outsize=1363 ok=1
Cmd: compileComputeKernel
  api=4 insize=57129 outsize=1359 ok=1
Cmd: compileComputeKernel
  api=4 insize=57129 outsize=1288 ok=1
Cmd: compileComputeKernel
  api=4 insize=57129 outsize=1261 ok=1
Cmd: compileComputeKernel
  api=4 insize=57129 outsize=1631 ok=1
Cmd: compileComputeKernel
  api=4 insize=57129 outsize=1596 ok=1
Cmd: compileComputeKernel
  api=4 insize=57129 outsize=1565 ok=1
Cmd: compileComputeKernel
  api=4 insize=57129 outsize=1765 ok=1
Cmd: compileComputeKernel
  api=4 insize=57129 outsize=1264 ok=1
Cmd: compileComputeKernel
  api=4 insize=57129 outsize=1264 ok=1
Cmd: compileComputeKernel
  api=4 insize=57129 outsize=1319 ok=1
Cmd: compileComputeKernel
  api=4 insize=79371 outsize=11445 ok=1
Cmd: compileComputeKernel
  api=4 insize=79371 outsize=27630 ok=1
Cmd: compileSnippet
  api=4 type=1 insize=1237 outsize=2846 kw=UNITY_PASS_FORWARDADD DIRECTIONAL SHADOWS_SCREEN _SPECULARHIGHLIGHTS_OFF pd=UNITY_ENABLE_REFLECTION_BUFFERS UNITY_USE_DITHER_MASK_FOR_ALPHABLENDED_SHADOWS UNITY_PBS_USE_BRDF1 UNITY_SPECCUBE_BOX_PROJECTION UNITY_SPECCUBE_BLENDING UNITY_ENABLE_DETAIL_NORMALMAP SHADER_API_DESKTOP UNITY_COLORSPACE_GAMMA UNITY_LIGHT_PROBE_PROXY_VOLUME UNITY_LIGHTMAP_FULL_HDR ok=1
Cmd: compileSnippet
  api=4 type=1 insize=16577 outsize=442 kw=_SUNDISK_NONE pd=UNITY_ENABLE_REFLECTION_BUFFERS UNITY_USE_DITHER_MASK_FOR_ALPHABLENDED_SHADOWS UNITY_PBS_USE_BRDF1 UNITY_SPECCUBE_BOX_PROJECTION UNITY_SPECCUBE_BLENDING UNITY_ENABLE_DETAIL_NORMALMAP SHADER_API_DESKTOP UNITY_COLORSPACE_GAMMA UNITY_LIGHT_PROBE_PROXY_VOLUME UNITY_LIGHTMAP_FULL_HDR ok=1
Cmd: compileSnippet
  api=4 type=1 insize=16577 outsize=902 kw=_SUNDISK_SIMPLE pd=UNITY_ENABLE_REFLECTION_BUFFERS UNITY_USE_DITHER_MASK_FOR_ALPHABLENDED_SHADOWS UNITY_PBS_USE_BRDF1 UNITY_SPECCUBE_BOX_PROJECTION UNITY_SPECCUBE_BLENDING UNITY_ENABLE_DETAIL_NORMALMAP SHADER_API_DESKTOP UNITY_COLORSPACE_GAMMA UNITY_LIGHT_PROBE_PROXY_VOLUME UNITY_LIGHTMAP_FULL_HDR ok=1
Cmd: compileSnippet
  api=4 type=0 insize=1602 outsize=2002 kw=UNITY_PASS_FORWARDBASE DIRECTIONAL SHADOWS_SCREEN LIGHTPROBE_SH _EMISSION pd=UNITY_ENABLE_REFLECTION_BUFFERS UNITY_USE_DITHER_MASK_FOR_ALPHABLENDED_SHADOWS UNITY_PBS_USE_BRDF1 UNITY_SPECCUBE_BOX_PROJECTION UNITY_SPECCUBE_BLENDING UNITY_ENABLE_DETAIL_NORMALMAP SHADER_API_DESKTOP UNITY_COLORSPACE_GAMMA UNITY_LIGHT_PROBE_PROXY_VOLUME UNITY_LIGHTMAP_FULL_HDR ok=1
