Base path: 'C:/Program Files/Unity/Hub/Editor/2019.4.2f1/Editor/Data', plugins path 'C:/Program Files/Unity/Hub/Editor/2019.4.2f1/Editor/Data/PlaybackEngines'
Cmd: initializeCompiler
Cmd: compileComputeKernel
  api=4 insize=12919 outsize=1499 ok=1
Cmd: compileComputeKernel
  api=4 insize=11985 outsize=1469 ok=1
Cmd: compileComputeKernel
  api=4 insize=11985 outsize=1905 ok=1
Cmd: compileComputeKernel
  api=4 insize=11985 outsize=1494 ok=1
Cmd: compileComputeKernel
  api=4 insize=17013 outsize=3291 ok=1
Cmd: compileComputeKernel
  api=4 insize=17013 outsize=5893 ok=1
Cmd: compileComputeKernel
  api=4 insize=74735 outsize=10967 ok=1
Cmd: compileComputeKernel
  api=4 insize=74735 outsize=1285 ok=1
Cmd: compileComputeKernel
  api=4 insize=74735 outsize=1383 ok=1
Cmd: compileComputeKernel
  api=4 insize=74735 outsize=1861 ok=1
Cmd: compileComputeKernel
  api=4 insize=74735 outsize=1311 ok=1
Cmd: compileComputeKernel
  api=4 insize=74735 outsize=1397 ok=1
Cmd: compileComputeKernel
  api=4 insize=74735 outsize=1401 ok=1
Cmd: compileComputeKernel
  api=4 insize=74735 outsize=1380 ok=1
Cmd: compileComputeKernel
  api=4 insize=74735 outsize=1319 ok=1
Cmd: compileComputeKernel
  api=4 insize=74735 outsize=1819 ok=1
Cmd: compileComputeKernel
  api=4 insize=74735 outsize=2259 ok=1
Cmd: compileComputeKernel
  api=4 insize=74735 outsize=1851 ok=1
Cmd: compileComputeKernel
  api=4 insize=74735 outsize=2421 ok=1
Cmd: compileComputeKernel
  api=4 insize=74735 outsize=2483 ok=1
Cmd: compileComputeKernel
  api=4 insize=73293 outsize=5741 ok=1
Cmd: compileComputeKernel
  api=4 insize=57129 outsize=629 ok=1
Cmd: compileComputeKernel
  api=4 insize=57129 outsize=682 ok=1
Cmd: compileComputeKernel
  api=4 insize=57129 outsize=1032 ok=1
Cmd: compileComputeKernel
  api=4 insize=57129 outsize=777 ok=1
Cmd: compileComputeKernel
  api=4 insize=57129 outsize=674 ok=1
Cmd: compileComputeKernel
  api=4 insize=57129 outsize=986 ok=1
Cmd: compileComputeKernel
  api=4 insize=57129 outsize=1113 ok=1
Cmd: compileComputeKernel
  api=4 insize=57129 outsize=629 ok=1
Cmd: compileComputeKernel
  api=4 insize=57129 outsize=772 ok=1
Cmd: compileComputeKernel
  api=4 insize=57129 outsize=1229 ok=1
Cmd: compileComputeKernel
  api=4 insize=57129 outsize=1547 ok=1
Cmd: compileComputeKernel
  api=4 insize=57129 outsize=1369 ok=1
Cmd: compileComputeKernel
  api=4 insize=57129 outsize=1442 ok=1
Cmd: compileComputeKernel
  api=4 insize=57129 outsize=1311 ok=1
Cmd: compileComputeKernel
  api=4 insize=57129 outsize=1369 ok=1
Cmd: compileComputeKernel
  api=4 insize=57129 outsize=1364 ok=1
Cmd: compileComputeKernel
  api=4 insize=57129 outsize=1397 ok=1
Cmd: compileComputeKernel
  api=4 insize=57129 outsize=1334 ok=1
Cmd: compileComputeKernel
  api=4 insize=57129 outsize=1338 ok=1
Cmd: compileComputeKernel
  api=4 insize=57129 outsize=1317 ok=1
Cmd: compileComputeKernel
  api=4 insize=57129 outsize=1321 ok=1
Cmd: compileComputeKernel
  api=4 insize=79371 outsize=12420 ok=1
Cmd: compileComputeKernel
  api=4 insize=79371 outsize=22258 ok=1
Cmd: compileComputeKernel
  api=4 insize=79371 outsize=30674 ok=1
Cmd: compileComputeKernel
  api=4 insize=4442 outsize=1449 ok=1
Cmd: compileComputeKernel
  api=4 insize=1900 outsize=3122 ok=1
Cmd: compileSnippet
  api=4 type=1 insize=11846 outsize=5706 kw=SHADOWS_SPLIT_SPHERES pd=UNITY_ENABLE_REFLECTION_BUFFERS UNITY_USE_DITHER_MASK_FOR_ALPHABLENDED_SHADOWS UNITY_PBS_USE_BRDF1 UNITY_SPECCUBE_BOX_PROJECTION UNITY_SPECCUBE_BLENDING UNITY_ENABLE_DETAIL_NORMALMAP SHADER_API_DESKTOP UNITY_COLORSPACE_GAMMA UNITY_LIGHT_PROBE_PROXY_VOLUME UNITY_LIGHTMAP_FULL_HDR ok=1
Cmd: compileSnippet
  api=4 type=0 insize=1460 outsize=1798 kw=UNITY_PASS_FORWARDADD DIRECTIONAL SHADOWS_SCREEN pd=UNITY_ENABLE_REFLECTION_BUFFERS UNITY_USE_DITHER_MASK_FOR_ALPHABLENDED_SHADOWS UNITY_PBS_USE_BRDF1 UNITY_SPECCUBE_BOX_PROJECTION UNITY_SPECCUBE_BLENDING UNITY_ENABLE_DETAIL_NORMALMAP SHADER_API_DESKTOP UNITY_COLORSPACE_GAMMA UNITY_LIGHT_PROBE_PROXY_VOLUME UNITY_LIGHTMAP_FULL_HDR ok=1
