Base path: 'C:/Program Files/Unity/Hub/Editor/2019.4.2f1/Editor/Data', plugins path 'C:/Program Files/Unity/Hub/Editor/2019.4.2f1/Editor/Data/PlaybackEngines'
Cmd: initializeCompiler
Cmd: compileComputeKernel
  api=4 insize=12919 outsize=1099 ok=1
Cmd: compileComputeKernel
  api=4 insize=11985 outsize=1465 ok=1
Cmd: compileComputeKernel
  api=4 insize=11985 outsize=1465 ok=1
Cmd: compileComputeKernel
  api=4 insize=11985 outsize=1497 ok=1
Cmd: compileComputeKernel
  api=4 insize=11985 outsize=1495 ok=1
Cmd: compileComputeKernel
  api=4 insize=11985 outsize=1616 ok=1
Cmd: compileComputeKernel
  api=4 insize=17013 outsize=3147 ok=1
Cmd: compileComputeKernel
  api=4 insize=17013 outsize=5445 ok=1
Cmd: compileComputeKernel
  api=4 insize=74735 outsize=1686 ok=1
Cmd: compileComputeKernel
  api=4 insize=74735 outsize=3099 ok=1
Cmd: compileComputeKernel
  api=4 insize=74735 outsize=2634 ok=1
Cmd: compileComputeKernel
  api=4 insize=74735 outsize=2041 ok=1
Cmd: compileComputeKernel
  api=4 insize=74735 outsize=1431 ok=1
Cmd: compileComputeKernel
  api=4 insize=74735 outsize=3335 ok=1
Cmd: compileComputeKernel
  api=4 insize=74735 outsize=1284 ok=1
Cmd: compileComputeKernel
  api=4 insize=74735 outsize=1631 ok=1
Cmd: compileComputeKernel
  api=4 insize=74735 outsize=1321 ok=1
Cmd: compileComputeKernel
  api=4 insize=74735 outsize=1547 ok=1
Cmd: compileComputeKernel
  api=4 insize=74735 outsize=1777 ok=1
Cmd: compileComputeKernel
  api=4 insize=74735 outsize=1628 ok=1
Cmd: compileComputeKernel
  api=4 insize=74735 outsize=1287 ok=1
Cmd: compileComputeKernel
  api=4 insize=74735 outsize=1287 ok=1
Cmd: compileComputeKernel
  api=4 insize=74735 outsize=1387 ok=1
Cmd: compileComputeKernel
  api=4 insize=74735 outsize=1823 ok=1
Cmd: compileComputeKernel
  api=4 insize=74735 outsize=2259 ok=1
Cmd: compileComputeKernel
  api=4 insize=74735 outsize=1856 ok=1
Cmd: compileComputeKernel
  api=4 insize=74735 outsize=1849 ok=1
Cmd: compileComputeKernel
  api=4 insize=74735 outsize=1998 ok=1
Cmd: compileComputeKernel
  api=4 insize=74735 outsize=1301 ok=1
Cmd: compileComputeKernel
  api=4 insize=74735 outsize=3004 ok=1
Cmd: compileComputeKernel
  api=4 insize=74735 outsize=1449 ok=1
Cmd: compileComputeKernel
  api=4 insize=74735 outsize=2477 ok=1
Cmd: compileComputeKernel
  api=4 insize=74735 outsize=2591 ok=1
Cmd: compileComputeKernel
  api=4 insize=73293 outsize=12700 ok=1
Cmd: compileComputeKernel
  api=4 insize=57129 outsize=772 ok=1
Cmd: compileComputeKernel
  api=4 insize=57129 outsize=623 ok=1
Cmd: compileComputeKernel
  api=4 insize=57129 outsize=695 ok=1
Cmd: compileComputeKernel
  api=4 insize=57129 outsize=1094 ok=1
Cmd: compileComputeKernel
  api=4 insize=57129 outsize=848 ok=1
Cmd: compileComputeKernel
  api=4 insize=57129 outsize=796 ok=1
Cmd: compileComputeKernel
  api=4 insize=57129 outsize=854 ok=1
Cmd: compileComputeKernel
  api=4 insize=57129 outsize=1081 ok=1
Cmd: compileComputeKernel
  api=4 insize=57129 outsize=882 ok=1
Cmd: compileComputeKernel
  api=4 insize=57129 outsize=886 ok=1
Cmd: compileComputeKernel
  api=4 insize=57129 outsize=786 ok=1
Cmd: compileComputeKernel
  api=4 insize=57129 outsize=1292 ok=1
Cmd: compileComputeKernel
  api=4 insize=57129 outsize=1861 ok=1
Cmd: compileComputeKernel
  api=4 insize=57129 outsize=1369 ok=1
Cmd: compileComputeKernel
  api=4 insize=57129 outsize=1465 ok=1
Cmd: compileComputeKernel
  api=4 insize=57129 outsize=1311 ok=1
Cmd: compileComputeKernel
  api=4 insize=57129 outsize=1284 ok=1
Cmd: compileComputeKernel
  api=4 insize=57129 outsize=1631 ok=1
Cmd: compileComputeKernel
  api=4 insize=57129 outsize=1596 ok=1
Cmd: compileComputeKernel
  api=4 insize=57129 outsize=1628 ok=1
Cmd: compileComputeKernel
  api=4 insize=57129 outsize=1828 ok=1
Cmd: compileComputeKernel
  api=4 insize=57129 outsize=1287 ok=1
Cmd: compileComputeKernel
  api=4 insize=57129 outsize=1287 ok=1
Cmd: compileComputeKernel
  api=4 insize=57129 outsize=1319 ok=1
Cmd: compileComputeKernel
  api=4 insize=79371 outsize=6812 ok=1
Cmd: compileComputeKernel
  api=4 insize=79371 outsize=22181 ok=1
Cmd: compileComputeKernel
  api=4 insize=79371 outsize=35914 ok=1
Cmd: compileComputeKernel
  api=4 insize=4442 outsize=1590 ok=1
Cmd: compileSnippet
  api=4 type=0 insize=1237 outsize=1798 kw=UNITY_PASS_FORWARDADD DIRECTIONAL SHADOWS_SCREEN _SPECULARHIGHLIGHTS_OFF pd=UNITY_ENABLE_REFLECTION_BUFFERS UNITY_USE_DITHER_MASK_FOR_ALPHABLENDED_SHADOWS UNITY_PBS_USE_BRDF1 UNITY_SPECCUBE_BOX_PROJECTION UNITY_SPECCUBE_BLENDING UNITY_ENABLE_DETAIL_NORMALMAP SHADER_API_DESKTOP UNITY_COLORSPACE_GAMMA UNITY_LIGHT_PROBE_PROXY_VOLUME UNITY_LIGHTMAP_FULL_HDR ok=1
Cmd: compileSnippet
  api=4 type=1 insize=7641 outsize=3266 kw=UNITY_PASS_FORWARDADD DIRECTIONAL SHADOWS_SCREEN pd=UNITY_ENABLE_REFLECTION_BUFFERS UNITY_USE_DITHER_MASK_FOR_ALPHABLENDED_SHADOWS UNITY_PBS_USE_BRDF1 UNITY_SPECCUBE_BOX_PROJECTION UNITY_SPECCUBE_BLENDING UNITY_ENABLE_DETAIL_NORMALMAP SHADER_API_DESKTOP UNITY_COLORSPACE_GAMMA UNITY_LIGHT_PROBE_PROXY_VOLUME UNITY_LIGHTMAP_FULL_HDR ok=1
